INFO:root:2020-11-23 00:49:03
INFO:root:---Simulator Start---
INFO:root:---Players data before match---
INFO:root:{'user_id': 'mike', 'loss': 28, 'matches': 36, 'wins': 8}
INFO:root:{'user_id': 'tony', 'loss': 40, 'matches': 62, 'wins': 22}
INFO:root:{'user_id': 'telmuun', 'loss': 30, 'matches': 56, 'wins': 26}
INFO:root:---Match Result---
INFO:root:{'user_id': 'mike', 'loss': 28, 'matches': 37, 'wins': 9}
INFO:root:{'user_id': 'tony', 'loss': 41, 'matches': 63, 'wins': 22}
INFO:root:{'user_id': 'telmuun', 'loss': 31, 'matches': 57, 'wins': 26}
INFO:root:2020-11-23 00:49:10
INFO:root:---Simulator End---
INFO:root:2020-11-23 00:49:10
INFO:root:---Simulator Start---
INFO:root:2020-11-23 00:49:10
INFO:root:------match not found!------
INFO:root:---Simulator End---
INFO:root:2020-11-23 00:49:27
INFO:root:---Simulator Start---
INFO:root:---Players data before match---
INFO:root:{'user_id': 'mike', 'loss': 28, 'matches': 37, 'wins': 9}
INFO:root:{'user_id': 'cccrizzz', 'loss': 36, 'matches': 50, 'wins': 14}
INFO:root:{'user_id': 'bot3', 'loss': 30, 'wins': 12, 'matches': 42}
INFO:root:---Match Result---
INFO:root:{'user_id': 'mike', 'loss': 28, 'matches': 38, 'wins': 10}
INFO:root:{'user_id': 'cccrizzz', 'loss': 37, 'matches': 51, 'wins': 14}
INFO:root:{'user_id': 'bot3', 'loss': 31, 'wins': 12, 'matches': 43}
INFO:root:2020-11-23 00:49:34
INFO:root:---Simulator End---
INFO:root:2020-11-23 00:49:34
INFO:root:---Simulator Start---
INFO:root:---Players data before match---
INFO:root:{'user_id': 'mike', 'loss': 28, 'matches': 38, 'wins': 10}
INFO:root:{'user_id': 'cccrizzz', 'loss': 37, 'matches': 51, 'wins': 14}
INFO:root:{'user_id': 'tony', 'loss': 41, 'matches': 63, 'wins': 22}
INFO:root:---Match Result---
INFO:root:{'user_id': 'mike', 'loss': 29, 'matches': 39, 'wins': 10}
INFO:root:{'user_id': 'cccrizzz', 'loss': 38, 'matches': 52, 'wins': 14}
INFO:root:{'user_id': 'tony', 'loss': 41, 'matches': 64, 'wins': 23}
INFO:root:2020-11-23 00:49:40
INFO:root:---Simulator End---
INFO:root:2020-11-23 00:49:40
INFO:root:---Simulator Start---
INFO:root:---Players data before match---
INFO:root:{'user_id': 'cccrizzz', 'loss': 38, 'matches': 52, 'wins': 14}
INFO:root:{'user_id': 'tony', 'loss': 41, 'matches': 64, 'wins': 23}
INFO:root:{'user_id': 'telmuun', 'loss': 31, 'matches': 57, 'wins': 26}
INFO:root:---Match Result---
INFO:root:{'user_id': 'cccrizzz', 'loss': 39, 'matches': 53, 'wins': 14}
INFO:root:{'user_id': 'tony', 'loss': 41, 'matches': 65, 'wins': 24}
INFO:root:{'user_id': 'telmuun', 'loss': 32, 'matches': 58, 'wins': 26}
INFO:root:2020-11-23 00:49:46
INFO:root:---Simulator End---
